<?xml version="1.0" encoding="UTF-8"?>
<testng-results skipped="0" failed="0" ignored="0" total="1" passed="1">
  <reporter-output>
  </reporter-output>
  <suite name="Default suite" duration-ms="25737" started-at="2021-01-25T13:15:42 IST" finished-at="2021-01-25T13:16:08 IST">
    <groups>
    </groups>
    <test name="Default test" duration-ms="25737" started-at="2021-01-25T13:15:42 IST" finished-at="2021-01-25T13:16:08 IST">
      <class name="project2.FrontPage">
        <test-method status="PASS" signature="Intialize()[pri:0, instance:project2.FrontPage@4e7dc304]" name="Intialize" is-config="true" duration-ms="8758" started-at="2021-01-25T13:15:42 IST" finished-at="2021-01-25T13:15:51 IST">
          <reporter-output>
          </reporter-output>
        </test-method> <!-- Intialize -->
        <test-method status="PASS" signature="pracproj2()[pri:0, instance:project2.FrontPage@4e7dc304]" name="pracproj2" duration-ms="16893" started-at="2021-01-25T13:15:51 IST" finished-at="2021-01-25T13:16:08 IST">
          <reporter-output>
          </reporter-output>
        </test-method> <!-- pracproj2 -->
      </class> <!-- project2.FrontPage -->
    </test> <!-- Default test -->
  </suite> <!-- Default suite -->
</testng-results>
